{"/home/heez/development/use-paginated-query/src/index.ts": {"path":"/home/heez/development/use-paginated-query/src/index.ts","all":false,"statementMap":{"0":{"start":{"line":1,"column":0},"end":{"line":1,"column":13}},"1":{"start":{"line":2,"column":0},"end":{"line":2,"column":8}},"2":{"start":{"line":3,"column":0},"end":{"line":3,"column":13}},"3":{"start":{"line":4,"column":0},"end":{"line":4,"column":11}},"4":{"start":{"line":5,"column":0},"end":{"line":5,"column":23}},"5":{"start":{"line":6,"column":0},"end":{"line":6,"column":31}},"6":{"start":{"line":7,"column":0},"end":{"line":7,"column":74}},"7":{"start":{"line":8,"column":0},"end":{"line":8,"column":0}},"8":{"start":{"line":9,"column":0},"end":{"line":9,"column":56}},"9":{"start":{"line":10,"column":0},"end":{"line":10,"column":26}},"10":{"start":{"line":11,"column":0},"end":{"line":11,"column":30}},"11":{"start":{"line":12,"column":0},"end":{"line":12,"column":48}},"12":{"start":{"line":13,"column":0},"end":{"line":13,"column":1}},"13":{"start":{"line":14,"column":0},"end":{"line":14,"column":0}},"14":{"start":{"line":15,"column":0},"end":{"line":15,"column":30}},"15":{"start":{"line":16,"column":0},"end":{"line":16,"column":15}},"16":{"start":{"line":17,"column":0},"end":{"line":17,"column":8}},"17":{"start":{"line":18,"column":0},"end":{"line":18,"column":23}},"18":{"start":{"line":19,"column":0},"end":{"line":19,"column":59}},"19":{"start":{"line":20,"column":0},"end":{"line":20,"column":3}},"20":{"start":{"line":21,"column":0},"end":{"line":21,"column":10}},"21":{"start":{"line":22,"column":0},"end":{"line":22,"column":16}},"22":{"start":{"line":23,"column":0},"end":{"line":23,"column":62}},"23":{"start":{"line":24,"column":0},"end":{"line":24,"column":29}},"24":{"start":{"line":25,"column":0},"end":{"line":25,"column":14}},"25":{"start":{"line":26,"column":0},"end":{"line":26,"column":16}},"26":{"start":{"line":27,"column":0},"end":{"line":27,"column":64}},"27":{"start":{"line":28,"column":0},"end":{"line":28,"column":1}},"28":{"start":{"line":29,"column":0},"end":{"line":29,"column":0}},"29":{"start":{"line":30,"column":0},"end":{"line":30,"column":46}},"30":{"start":{"line":31,"column":0},"end":{"line":31,"column":63}},"31":{"start":{"line":32,"column":0},"end":{"line":32,"column":79}},"32":{"start":{"line":33,"column":0},"end":{"line":33,"column":14}},"33":{"start":{"line":34,"column":0},"end":{"line":34,"column":1}},"34":{"start":{"line":35,"column":0},"end":{"line":35,"column":0}},"35":{"start":{"line":36,"column":0},"end":{"line":36,"column":27}},"36":{"start":{"line":37,"column":0},"end":{"line":37,"column":15}},"37":{"start":{"line":38,"column":0},"end":{"line":38,"column":8}},"38":{"start":{"line":39,"column":0},"end":{"line":39,"column":23}},"39":{"start":{"line":40,"column":0},"end":{"line":40,"column":59}},"40":{"start":{"line":41,"column":0},"end":{"line":41,"column":3}},"41":{"start":{"line":42,"column":0},"end":{"line":42,"column":8}},"42":{"start":{"line":43,"column":0},"end":{"line":43,"column":29}},"43":{"start":{"line":44,"column":0},"end":{"line":44,"column":22}},"44":{"start":{"line":45,"column":0},"end":{"line":45,"column":64}},"45":{"start":{"line":46,"column":0},"end":{"line":46,"column":42}},"46":{"start":{"line":47,"column":0},"end":{"line":47,"column":0}},"47":{"start":{"line":48,"column":0},"end":{"line":48,"column":14}},"48":{"start":{"line":49,"column":0},"end":{"line":49,"column":28}},"49":{"start":{"line":50,"column":0},"end":{"line":50,"column":5}},"50":{"start":{"line":51,"column":0},"end":{"line":51,"column":0}},"51":{"start":{"line":52,"column":0},"end":{"line":52,"column":31}},"52":{"start":{"line":53,"column":0},"end":{"line":53,"column":1}},"53":{"start":{"line":54,"column":0},"end":{"line":54,"column":0}},"54":{"start":{"line":55,"column":0},"end":{"line":55,"column":56}},"55":{"start":{"line":56,"column":0},"end":{"line":56,"column":42}},"56":{"start":{"line":57,"column":0},"end":{"line":57,"column":33}},"57":{"start":{"line":58,"column":0},"end":{"line":58,"column":29}},"58":{"start":{"line":59,"column":0},"end":{"line":59,"column":0}},"59":{"start":{"line":60,"column":0},"end":{"line":60,"column":41}},"60":{"start":{"line":61,"column":0},"end":{"line":61,"column":72}},"61":{"start":{"line":62,"column":0},"end":{"line":62,"column":0}},"62":{"start":{"line":63,"column":0},"end":{"line":63,"column":28}},"63":{"start":{"line":64,"column":0},"end":{"line":64,"column":30}},"64":{"start":{"line":65,"column":0},"end":{"line":65,"column":65}},"65":{"start":{"line":66,"column":0},"end":{"line":66,"column":56}},"66":{"start":{"line":67,"column":0},"end":{"line":67,"column":4}},"67":{"start":{"line":68,"column":0},"end":{"line":68,"column":0}},"68":{"start":{"line":69,"column":0},"end":{"line":69,"column":28}},"69":{"start":{"line":70,"column":0},"end":{"line":70,"column":30}},"70":{"start":{"line":71,"column":0},"end":{"line":71,"column":23}},"71":{"start":{"line":72,"column":0},"end":{"line":72,"column":67}},"72":{"start":{"line":73,"column":0},"end":{"line":73,"column":5}},"73":{"start":{"line":74,"column":0},"end":{"line":74,"column":56}},"74":{"start":{"line":75,"column":0},"end":{"line":75,"column":4}},"75":{"start":{"line":76,"column":0},"end":{"line":76,"column":0}},"76":{"start":{"line":77,"column":0},"end":{"line":77,"column":22}},"77":{"start":{"line":78,"column":0},"end":{"line":78,"column":49}},"78":{"start":{"line":79,"column":0},"end":{"line":79,"column":4}},"79":{"start":{"line":80,"column":0},"end":{"line":80,"column":0}},"80":{"start":{"line":81,"column":0},"end":{"line":81,"column":22}},"81":{"start":{"line":82,"column":0},"end":{"line":82,"column":49}},"82":{"start":{"line":83,"column":0},"end":{"line":83,"column":4}},"83":{"start":{"line":84,"column":0},"end":{"line":84,"column":0}},"84":{"start":{"line":85,"column":0},"end":{"line":85,"column":70}},"85":{"start":{"line":86,"column":0},"end":{"line":86,"column":1}},"86":{"start":{"line":87,"column":0},"end":{"line":87,"column":0}},"87":{"start":{"line":88,"column":0},"end":{"line":88,"column":8}},"88":{"start":{"line":89,"column":0},"end":{"line":89,"column":20}},"89":{"start":{"line":90,"column":0},"end":{"line":90,"column":10}},"90":{"start":{"line":91,"column":0},"end":{"line":91,"column":20}},"91":{"start":{"line":92,"column":0},"end":{"line":92,"column":27}},"92":{"start":{"line":93,"column":0},"end":{"line":93,"column":2}}},"s":{"0":1,"1":1,"2":1,"3":1,"4":1,"5":1,"6":1,"7":1,"8":16,"9":16,"10":14,"11":16,"12":16,"13":1,"14":1,"15":1,"16":1,"17":1,"18":1,"19":1,"20":1,"21":1,"22":1,"23":1,"24":1,"25":1,"26":1,"27":1,"28":1,"29":16,"30":16,"31":16,"32":16,"33":16,"34":1,"35":3,"36":3,"37":3,"38":3,"39":3,"40":3,"41":3,"42":3,"43":3,"44":3,"45":3,"46":3,"47":3,"48":3,"49":3,"50":3,"51":3,"52":3,"53":1,"54":7,"55":7,"56":7,"57":7,"58":7,"59":7,"60":7,"61":7,"62":7,"63":8,"64":8,"65":8,"66":7,"67":7,"68":7,"69":8,"70":8,"71":8,"72":8,"73":8,"74":7,"75":7,"76":7,"77":1,"78":7,"79":7,"80":7,"81":1,"82":7,"83":7,"84":7,"85":7,"86":1,"87":1,"88":1,"89":1,"90":1,"91":1,"92":1},"branchMap":{"0":{"type":"branch","line":9,"loc":{"start":{"line":9,"column":0},"end":{"line":13,"column":1}},"locations":[{"start":{"line":9,"column":0},"end":{"line":13,"column":1}}]},"1":{"type":"branch","line":10,"loc":{"start":{"line":10,"column":13},"end":{"line":10,"column":26}},"locations":[{"start":{"line":10,"column":13},"end":{"line":10,"column":26}}]},"2":{"type":"branch","line":11,"loc":{"start":{"line":11,"column":-1},"end":{"line":12,"column":37}},"locations":[{"start":{"line":11,"column":-1},"end":{"line":12,"column":37}}]},"3":{"type":"branch","line":12,"loc":{"start":{"line":12,"column":33},"end":{"line":12,"column":47}},"locations":[{"start":{"line":12,"column":33},"end":{"line":12,"column":47}}]},"4":{"type":"branch","line":30,"loc":{"start":{"line":30,"column":0},"end":{"line":34,"column":1}},"locations":[{"start":{"line":30,"column":0},"end":{"line":34,"column":1}}]},"5":{"type":"branch","line":32,"loc":{"start":{"line":32,"column":53},"end":{"line":32,"column":74}},"locations":[{"start":{"line":32,"column":53},"end":{"line":32,"column":74}}]},"6":{"type":"branch","line":32,"loc":{"start":{"line":32,"column":75},"end":{"line":32,"column":78}},"locations":[{"start":{"line":32,"column":75},"end":{"line":32,"column":78}}]},"7":{"type":"branch","line":36,"loc":{"start":{"line":36,"column":0},"end":{"line":53,"column":1}},"locations":[{"start":{"line":36,"column":0},"end":{"line":53,"column":1}}]},"8":{"type":"branch","line":55,"loc":{"start":{"line":55,"column":0},"end":{"line":86,"column":1}},"locations":[{"start":{"line":55,"column":0},"end":{"line":86,"column":1}}]},"9":{"type":"branch","line":63,"loc":{"start":{"line":63,"column":21},"end":{"line":67,"column":3}},"locations":[{"start":{"line":63,"column":21},"end":{"line":67,"column":3}}]},"10":{"type":"branch","line":69,"loc":{"start":{"line":69,"column":21},"end":{"line":75,"column":3}},"locations":[{"start":{"line":69,"column":21},"end":{"line":75,"column":3}}]},"11":{"type":"branch","line":77,"loc":{"start":{"line":77,"column":15},"end":{"line":79,"column":3}},"locations":[{"start":{"line":77,"column":15},"end":{"line":79,"column":3}}]},"12":{"type":"branch","line":81,"loc":{"start":{"line":81,"column":15},"end":{"line":83,"column":3}},"locations":[{"start":{"line":81,"column":15},"end":{"line":83,"column":3}}]}},"b":{"0":[16],"1":[2],"2":[14],"3":[13],"4":[16],"5":[11],"6":[5],"7":[3],"8":[7],"9":[8],"10":[8],"11":[1],"12":[1]},"fnMap":{"0":{"name":"isValidPagingSearchParam","decl":{"start":{"line":9,"column":0},"end":{"line":13,"column":1}},"loc":{"start":{"line":9,"column":0},"end":{"line":13,"column":1}},"line":9},"1":{"name":"usePage","decl":{"start":{"line":30,"column":0},"end":{"line":34,"column":1}},"loc":{"start":{"line":30,"column":0},"end":{"line":34,"column":1}},"line":30},"2":{"name":"usePaginatedQuery","decl":{"start":{"line":36,"column":0},"end":{"line":53,"column":1}},"loc":{"start":{"line":36,"column":0},"end":{"line":53,"column":1}},"line":36},"3":{"name":"prefetch","decl":{"start":{"line":44,"column":13},"end":{"line":44,"column":21}},"loc":{"start":{"line":44,"column":13},"end":{"line":44,"column":21}},"line":44},"4":{"name":"usePagingControls","decl":{"start":{"line":55,"column":0},"end":{"line":86,"column":1}},"loc":{"start":{"line":55,"column":0},"end":{"line":86,"column":1}},"line":55},"5":{"name":"getNextUrl","decl":{"start":{"line":63,"column":21},"end":{"line":67,"column":3}},"loc":{"start":{"line":63,"column":21},"end":{"line":67,"column":3}},"line":63},"6":{"name":"getPrevUrl","decl":{"start":{"line":69,"column":21},"end":{"line":75,"column":3}},"loc":{"start":{"line":69,"column":21},"end":{"line":75,"column":3}},"line":69},"7":{"name":"next","decl":{"start":{"line":77,"column":15},"end":{"line":79,"column":3}},"loc":{"start":{"line":77,"column":15},"end":{"line":79,"column":3}},"line":77},"8":{"name":"prev","decl":{"start":{"line":81,"column":15},"end":{"line":83,"column":3}},"loc":{"start":{"line":81,"column":15},"end":{"line":83,"column":3}},"line":81}},"f":{"0":16,"1":16,"2":3,"3":0,"4":7,"5":8,"6":8,"7":1,"8":1}}
}
