TN:
SF:src/index.ts
FN:9,isValidPagingSearchParam
FN:30,usePage
FN:36,usePaginatedQuery
FN:44,prefetch
FN:55,usePagingControls
FN:63,getNextUrl
FN:69,getPrevUrl
FN:77,next
FN:81,prev
FNF:9
FNH:8
FNDA:16,isValidPagingSearchParam
FNDA:16,usePage
FNDA:3,usePaginatedQuery
FNDA:0,prefetch
FNDA:7,usePagingControls
FNDA:8,getNextUrl
FNDA:8,getPrevUrl
FNDA:1,next
FNDA:1,prev
DA:1,1
DA:2,1
DA:3,1
DA:4,1
DA:5,1
DA:6,1
DA:7,1
DA:8,1
DA:9,16
DA:10,16
DA:11,14
DA:12,16
DA:13,16
DA:14,1
DA:15,1
DA:16,1
DA:17,1
DA:18,1
DA:19,1
DA:20,1
DA:21,1
DA:22,1
DA:23,1
DA:24,1
DA:25,1
DA:26,1
DA:27,1
DA:28,1
DA:29,1
DA:30,16
DA:31,16
DA:32,16
DA:33,16
DA:34,16
DA:35,1
DA:36,3
DA:37,3
DA:38,3
DA:39,3
DA:40,3
DA:41,3
DA:42,3
DA:43,3
DA:44,3
DA:45,3
DA:46,3
DA:47,3
DA:48,3
DA:49,3
DA:50,3
DA:51,3
DA:52,3
DA:53,3
DA:54,1
DA:55,7
DA:56,7
DA:57,7
DA:58,7
DA:59,7
DA:60,7
DA:61,7
DA:62,7
DA:63,7
DA:64,8
DA:65,8
DA:66,8
DA:67,7
DA:68,7
DA:69,7
DA:70,8
DA:71,8
DA:72,8
DA:73,8
DA:74,8
DA:75,7
DA:76,7
DA:77,7
DA:78,1
DA:79,7
DA:80,7
DA:81,7
DA:82,1
DA:83,7
DA:84,7
DA:85,7
DA:86,7
DA:87,1
DA:88,1
DA:89,1
DA:90,1
DA:91,1
DA:92,1
DA:93,1
LF:93
LH:93
BRDA:9,0,0,16
BRDA:10,1,0,2
BRDA:11,2,0,14
BRDA:12,3,0,13
BRDA:30,4,0,16
BRDA:32,5,0,11
BRDA:32,6,0,5
BRDA:36,7,0,3
BRDA:55,8,0,7
BRDA:63,9,0,8
BRDA:69,10,0,8
BRDA:77,11,0,1
BRDA:81,12,0,1
BRF:13
BRH:13
end_of_record
